2023-03-07 00:49:24,082 INFO o.a.j.u.JMeterUtils: Setting Locale to en_US
2023-03-07 00:49:24,098 INFO o.a.j.JMeter: Loading user properties from: /opt/apache-jmeter-5.5/bin/user.properties
2023-03-07 00:49:24,098 INFO o.a.j.JMeter: Loading system properties from: /opt/apache-jmeter-5.5/bin/system.properties
2023-03-07 00:49:24,103 INFO o.a.j.JMeter: Copyright (c) 1998-2022 The Apache Software Foundation
2023-03-07 00:49:24,103 INFO o.a.j.JMeter: Version 5.5
2023-03-07 00:49:24,103 INFO o.a.j.JMeter: java.version=17.0.6
2023-03-07 00:49:24,103 INFO o.a.j.JMeter: java.vm.name=OpenJDK 64-Bit Server VM
2023-03-07 00:49:24,103 INFO o.a.j.JMeter: os.name=Linux
2023-03-07 00:49:24,103 INFO o.a.j.JMeter: os.arch=amd64
2023-03-07 00:49:24,103 INFO o.a.j.JMeter: os.version=6.1.0-kali5-amd64
2023-03-07 00:49:24,103 INFO o.a.j.JMeter: file.encoding=UTF-8
2023-03-07 00:49:24,103 INFO o.a.j.JMeter: java.awt.headless=null
2023-03-07 00:49:24,103 INFO o.a.j.JMeter: Max memory     =4154458112
2023-03-07 00:49:24,103 INFO o.a.j.JMeter: Available Processors =8
2023-03-07 00:49:24,110 INFO o.a.j.JMeter: Default Locale=English (United States)
2023-03-07 00:49:24,110 INFO o.a.j.JMeter: JMeter  Locale=English (United States)
2023-03-07 00:49:24,110 INFO o.a.j.JMeter: JMeterHome=/opt/apache-jmeter-5.5
2023-03-07 00:49:24,110 INFO o.a.j.JMeter: user.dir  =/home/haryaugust/Data/microservices-spring-boot
2023-03-07 00:49:24,110 INFO o.a.j.JMeter: PWD       =/home/haryaugust/Data/microservices-spring-boot
2023-03-07 00:49:24,110 INFO o.a.j.JMeter: IP: 127.0.1.1 Name: fsociety FullName: fsociety
2023-03-07 00:49:24,116 INFO o.a.j.JMeter: Loaded icon properties from org/apache/jmeter/images/icon.properties
2023-03-07 00:49:24,306 INFO o.a.j.JMeterGuiLauncher: Setting LAF to: com.github.weisj.darklaf.DarkLaf:com.github.weisj.darklaf.theme.DarculaTheme
2023-03-07 00:50:52,977 INFO o.a.j.p.h.s.HTTPSamplerBase: Parser for text/html is org.apache.jmeter.protocol.http.parser.LagartoBasedHtmlParser
2023-03-07 00:50:52,977 INFO o.a.j.p.h.s.HTTPSamplerBase: Parser for application/xhtml+xml is org.apache.jmeter.protocol.http.parser.LagartoBasedHtmlParser
2023-03-07 00:50:52,977 INFO o.a.j.p.h.s.HTTPSamplerBase: Parser for application/xml is org.apache.jmeter.protocol.http.parser.LagartoBasedHtmlParser
2023-03-07 00:50:52,977 INFO o.a.j.p.h.s.HTTPSamplerBase: Parser for text/xml is org.apache.jmeter.protocol.http.parser.LagartoBasedHtmlParser
2023-03-07 00:50:52,977 INFO o.a.j.p.h.s.HTTPSamplerBase: Parser for text/vnd.wap.wml is org.apache.jmeter.protocol.http.parser.RegexpHTMLParser
2023-03-07 00:50:52,978 INFO o.a.j.p.h.s.HTTPSamplerBase: Parser for text/css is org.apache.jmeter.protocol.http.parser.CssParser
2023-03-07 00:52:53,303 INFO o.a.j.s.SampleResult: Note: Sample TimeStamps are START times
2023-03-07 00:52:53,303 INFO o.a.j.s.SampleResult: sampleresult.default.encoding is set to ISO-8859-1
2023-03-07 00:52:53,303 INFO o.a.j.s.SampleResult: sampleresult.useNanoTime=true
2023-03-07 00:52:53,303 INFO o.a.j.s.SampleResult: sampleresult.nanoThreadSleep=5000
2023-03-07 00:52:53,390 INFO o.a.j.v.ViewResultsFullVisualizer: Add JavaFX to your Java installation if you want to use renderer: org.apache.jmeter.visualizers.RenderInBrowser
2023-03-07 00:54:32,080 INFO o.a.j.s.FileServer: Default base='/home/haryaugust/Data/microservices-spring-boot'
2023-03-07 00:54:32,081 INFO o.a.j.s.FileServer: Set new base='/home/haryaugust/Data/microservices-spring-boot'
2023-03-07 00:54:32,173 INFO o.a.j.s.SaveService: Testplan (JMX) version: 2.2. Testlog (JTL) version: 2.2
2023-03-07 00:54:32,177 INFO o.a.j.s.SaveService: Using SaveService properties version 5.0
2023-03-07 00:54:32,178 INFO o.a.j.s.SaveService: Using SaveService properties file encoding UTF-8
2023-03-07 00:54:32,195 INFO o.a.j.e.StandardJMeterEngine: Running the test!
2023-03-07 00:54:32,195 INFO o.a.j.s.SampleEvent: List of sample_variables: []
2023-03-07 00:54:32,195 INFO o.a.j.s.SampleEvent: List of sample_variables: []
2023-03-07 00:54:32,196 INFO o.a.j.e.u.CompoundVariable: Note: Function class names must contain the string: '.functions.'
2023-03-07 00:54:32,196 INFO o.a.j.e.u.CompoundVariable: Note: Function class names must not contain the string: '.gui.'
2023-03-07 00:54:32,216 INFO o.a.j.g.u.JMeterMenuBar: setRunning(true, *local*)
2023-03-07 00:54:32,240 INFO o.a.j.e.StandardJMeterEngine: Starting ThreadGroup: 1 : Thread Group
2023-03-07 00:54:32,240 INFO o.a.j.e.StandardJMeterEngine: Starting 15 threads for group Thread Group.
2023-03-07 00:54:32,240 INFO o.a.j.e.StandardJMeterEngine: Thread will continue on error
2023-03-07 00:54:32,240 INFO o.a.j.t.ThreadGroup: Starting thread group... number=1 threads=15 ramp-up=1 delayedStart=false
2023-03-07 00:54:32,242 INFO o.a.j.t.JMeterThread: Thread started: Thread Group 1-1
2023-03-07 00:54:32,246 INFO o.a.j.t.ThreadGroup: Started thread group number 1
2023-03-07 00:54:32,246 INFO o.a.j.e.StandardJMeterEngine: All thread groups have been started
2023-03-07 00:54:32,253 INFO o.a.j.p.h.s.HTTPHCAbstractImpl: Local host = fsociety
2023-03-07 00:54:32,258 INFO o.a.j.p.h.s.HTTPHC4Impl: HTTP request retry count = 0
2023-03-07 00:54:32,308 INFO o.a.j.t.JMeterThread: Thread started: Thread Group 1-2
2023-03-07 00:54:32,374 INFO o.a.j.t.JMeterThread: Thread started: Thread Group 1-3
2023-03-07 00:54:32,433 INFO o.a.j.t.JMeterThread: Thread is done: Thread Group 1-3
2023-03-07 00:54:32,433 INFO o.a.j.t.JMeterThread: Thread finished: Thread Group 1-3
2023-03-07 00:54:32,442 INFO o.a.j.t.JMeterThread: Thread started: Thread Group 1-4
2023-03-07 00:54:32,447 INFO o.a.j.t.JMeterThread: Thread is done: Thread Group 1-4
2023-03-07 00:54:32,447 INFO o.a.j.t.JMeterThread: Thread finished: Thread Group 1-4
2023-03-07 00:54:32,509 INFO o.a.j.t.JMeterThread: Thread started: Thread Group 1-5
2023-03-07 00:54:32,515 INFO o.a.j.t.JMeterThread: Thread is done: Thread Group 1-5
2023-03-07 00:54:32,515 INFO o.a.j.t.JMeterThread: Thread finished: Thread Group 1-5
2023-03-07 00:54:32,576 INFO o.a.j.t.JMeterThread: Thread started: Thread Group 1-6
2023-03-07 00:54:32,582 INFO o.a.j.t.JMeterThread: Thread is done: Thread Group 1-6
2023-03-07 00:54:32,582 INFO o.a.j.t.JMeterThread: Thread finished: Thread Group 1-6
2023-03-07 00:54:32,642 INFO o.a.j.t.JMeterThread: Thread started: Thread Group 1-7
2023-03-07 00:54:32,647 INFO o.a.j.t.JMeterThread: Thread is done: Thread Group 1-7
2023-03-07 00:54:32,647 INFO o.a.j.t.JMeterThread: Thread finished: Thread Group 1-7
2023-03-07 00:54:32,709 INFO o.a.j.t.JMeterThread: Thread started: Thread Group 1-8
2023-03-07 00:54:32,714 INFO o.a.j.t.JMeterThread: Thread is done: Thread Group 1-8
2023-03-07 00:54:32,714 INFO o.a.j.t.JMeterThread: Thread finished: Thread Group 1-8
2023-03-07 00:54:32,776 INFO o.a.j.t.JMeterThread: Thread started: Thread Group 1-9
2023-03-07 00:54:32,782 INFO o.a.j.t.JMeterThread: Thread is done: Thread Group 1-9
2023-03-07 00:54:32,782 INFO o.a.j.t.JMeterThread: Thread finished: Thread Group 1-9
2023-03-07 00:54:32,844 INFO o.a.j.t.JMeterThread: Thread started: Thread Group 1-10
2023-03-07 00:54:32,849 INFO o.a.j.t.JMeterThread: Thread is done: Thread Group 1-10
2023-03-07 00:54:32,849 INFO o.a.j.t.JMeterThread: Thread finished: Thread Group 1-10
2023-03-07 00:54:32,911 INFO o.a.j.t.JMeterThread: Thread started: Thread Group 1-11
2023-03-07 00:54:32,916 INFO o.a.j.t.JMeterThread: Thread is done: Thread Group 1-11
2023-03-07 00:54:32,916 INFO o.a.j.t.JMeterThread: Thread finished: Thread Group 1-11
2023-03-07 00:54:32,977 INFO o.a.j.t.JMeterThread: Thread started: Thread Group 1-12
2023-03-07 00:54:32,984 INFO o.a.j.t.JMeterThread: Thread is done: Thread Group 1-12
2023-03-07 00:54:32,984 INFO o.a.j.t.JMeterThread: Thread finished: Thread Group 1-12
2023-03-07 00:54:33,044 INFO o.a.j.t.JMeterThread: Thread started: Thread Group 1-13
2023-03-07 00:54:33,050 INFO o.a.j.t.JMeterThread: Thread is done: Thread Group 1-13
2023-03-07 00:54:33,050 INFO o.a.j.t.JMeterThread: Thread finished: Thread Group 1-13
2023-03-07 00:54:33,056 INFO o.a.j.t.JMeterThread: Thread is done: Thread Group 1-2
2023-03-07 00:54:33,056 INFO o.a.j.t.JMeterThread: Thread finished: Thread Group 1-2
2023-03-07 00:54:33,056 INFO o.a.j.t.JMeterThread: Thread is done: Thread Group 1-1
2023-03-07 00:54:33,056 INFO o.a.j.t.JMeterThread: Thread finished: Thread Group 1-1
2023-03-07 00:54:33,113 INFO o.a.j.t.JMeterThread: Thread started: Thread Group 1-14
2023-03-07 00:54:33,118 INFO o.a.j.t.JMeterThread: Thread is done: Thread Group 1-14
2023-03-07 00:54:33,118 INFO o.a.j.t.JMeterThread: Thread finished: Thread Group 1-14
2023-03-07 00:54:33,178 INFO o.a.j.t.JMeterThread: Thread started: Thread Group 1-15
2023-03-07 00:54:33,183 INFO o.a.j.t.JMeterThread: Thread is done: Thread Group 1-15
2023-03-07 00:54:33,183 INFO o.a.j.t.JMeterThread: Thread finished: Thread Group 1-15
2023-03-07 00:54:33,184 INFO o.a.j.e.StandardJMeterEngine: Notifying test listeners of end of test
2023-03-07 00:54:33,184 INFO o.a.j.g.u.JMeterMenuBar: setRunning(false, *local*)
2023-03-07 00:56:34,108 WARN o.a.j.u.Document: Error document parsing.
org.apache.tika.exception.TikaException: Failed to detect the character encoding of a document
	at org.apache.tika.detect.AutoDetectReader.detect(AutoDetectReader.java:85) ~[tika-core-1.28.3.jar:1.28.3]
	at org.apache.tika.detect.AutoDetectReader.<init>(AutoDetectReader.java:116) ~[tika-core-1.28.3.jar:1.28.3]
	at org.apache.tika.detect.AutoDetectReader.<init>(AutoDetectReader.java:122) ~[tika-core-1.28.3.jar:1.28.3]
	at org.apache.tika.parser.csv.TextAndCSVParser.detect(TextAndCSVParser.java:263) ~[tika-parsers-1.28.3.jar:1.28.3]
	at org.apache.tika.parser.csv.TextAndCSVParser.parse(TextAndCSVParser.java:147) ~[tika-parsers-1.28.3.jar:1.28.3]
	at org.apache.tika.parser.CompositeParser.parse(CompositeParser.java:281) ~[tika-core-1.28.3.jar:1.28.3]
	at org.apache.tika.parser.CompositeParser.parse(CompositeParser.java:281) ~[tika-core-1.28.3.jar:1.28.3]
	at org.apache.tika.parser.AutoDetectParser.parse(AutoDetectParser.java:143) ~[tika-core-1.28.3.jar:1.28.3]
	at org.apache.jmeter.util.Document.getTextFromDocument(Document.java:58) ~[ApacheJMeter_core.jar:5.5]
	at org.apache.jmeter.visualizers.RenderAsDocument.showDocumentResponse(RenderAsDocument.java:42) ~[ApacheJMeter_components.jar:5.5]
	at org.apache.jmeter.visualizers.RenderAsDocument.renderResult(RenderAsDocument.java:34) ~[ApacheJMeter_components.jar:5.5]
	at org.apache.jmeter.visualizers.ViewResultsFullVisualizer.valueChanged(ViewResultsFullVisualizer.java:400) ~[ApacheJMeter_components.jar:5.5]
	at org.apache.jmeter.visualizers.ViewResultsFullVisualizer.actionPerformed(ViewResultsFullVisualizer.java:544) ~[ApacheJMeter_components.jar:5.5]
	at javax.swing.JComboBox.fireActionEvent(JComboBox.java:1294) ~[?:?]
	at javax.swing.JComboBox.setSelectedItem(JComboBox.java:619) ~[?:?]
	at javax.swing.JComboBox.setSelectedIndex(JComboBox.java:654) ~[?:?]
	at javax.swing.plaf.basic.BasicComboPopup$Handler.mouseReleased(BasicComboPopup.java:946) ~[?:?]
	at java.awt.AWTEventMulticaster.mouseReleased(AWTEventMulticaster.java:298) ~[?:?]
	at java.awt.Component.processMouseEvent(Component.java:6626) ~[?:?]
	at javax.swing.JComponent.processMouseEvent(JComponent.java:3389) ~[?:?]
	at javax.swing.plaf.basic.BasicComboPopup$1.processMouseEvent(BasicComboPopup.java:551) ~[?:?]
	at java.awt.Component.processEvent(Component.java:6391) ~[?:?]
	at java.awt.Container.processEvent(Container.java:2266) ~[?:?]
	at java.awt.Component.dispatchEventImpl(Component.java:5001) ~[?:?]
	at java.awt.Container.dispatchEventImpl(Container.java:2324) ~[?:?]
	at java.awt.Component.dispatchEvent(Component.java:4833) ~[?:?]
	at java.awt.LightweightDispatcher.retargetMouseEvent(Container.java:4948) ~[?:?]
	at java.awt.LightweightDispatcher.processMouseEvent(Container.java:4575) ~[?:?]
	at java.awt.LightweightDispatcher.dispatchEvent(Container.java:4516) ~[?:?]
	at java.awt.Container.dispatchEventImpl(Container.java:2310) ~[?:?]
	at java.awt.Window.dispatchEventImpl(Window.java:2780) ~[?:?]
	at java.awt.Component.dispatchEvent(Component.java:4833) ~[?:?]
	at java.awt.EventQueue.dispatchEventImpl(EventQueue.java:773) ~[?:?]
	at java.awt.EventQueue$4.run(EventQueue.java:722) ~[?:?]
	at java.awt.EventQueue$4.run(EventQueue.java:716) ~[?:?]
	at java.security.AccessController.doPrivileged(AccessController.java:399) ~[?:?]
	at java.security.ProtectionDomain$JavaSecurityAccessImpl.doIntersectionPrivilege(ProtectionDomain.java:86) ~[?:?]
	at java.security.ProtectionDomain$JavaSecurityAccessImpl.doIntersectionPrivilege(ProtectionDomain.java:97) ~[?:?]
	at java.awt.EventQueue$5.run(EventQueue.java:746) ~[?:?]
	at java.awt.EventQueue$5.run(EventQueue.java:744) ~[?:?]
	at java.security.AccessController.doPrivileged(AccessController.java:399) ~[?:?]
	at java.security.ProtectionDomain$JavaSecurityAccessImpl.doIntersectionPrivilege(ProtectionDomain.java:86) ~[?:?]
	at java.awt.EventQueue.dispatchEvent(EventQueue.java:743) ~[?:?]
	at java.awt.EventDispatchThread.pumpOneEventForFilters(EventDispatchThread.java:203) ~[?:?]
	at java.awt.EventDispatchThread.pumpEventsForFilter(EventDispatchThread.java:124) ~[?:?]
	at java.awt.EventDispatchThread.pumpEventsForHierarchy(EventDispatchThread.java:113) ~[?:?]
	at java.awt.EventDispatchThread.pumpEvents(EventDispatchThread.java:109) ~[?:?]
	at java.awt.EventDispatchThread.pumpEvents(EventDispatchThread.java:101) ~[?:?]
	at java.awt.EventDispatchThread.run(EventDispatchThread.java:90) ~[?:?]
2023-03-07 00:58:00,297 INFO o.a.j.e.StandardJMeterEngine: Running the test!
2023-03-07 00:58:00,297 INFO o.a.j.s.SampleEvent: List of sample_variables: []
2023-03-07 00:58:00,298 INFO o.a.j.g.u.JMeterMenuBar: setRunning(true, *local*)
2023-03-07 00:58:00,326 INFO o.a.j.e.StandardJMeterEngine: Starting ThreadGroup: 1 : Thread Group
2023-03-07 00:58:00,326 INFO o.a.j.e.StandardJMeterEngine: Starting 15 threads for group Thread Group.
2023-03-07 00:58:00,326 INFO o.a.j.e.StandardJMeterEngine: Thread will continue on error
2023-03-07 00:58:00,326 INFO o.a.j.t.ThreadGroup: Starting thread group... number=1 threads=15 ramp-up=1 delayedStart=false
2023-03-07 00:58:00,327 INFO o.a.j.t.JMeterThread: Thread started: Thread Group 1-1
2023-03-07 00:58:00,328 INFO o.a.j.t.ThreadGroup: Started thread group number 1
2023-03-07 00:58:00,329 INFO o.a.j.e.StandardJMeterEngine: All thread groups have been started
2023-03-07 00:58:00,342 INFO o.a.j.t.JMeterThread: Thread is done: Thread Group 1-1
2023-03-07 00:58:00,342 INFO o.a.j.t.JMeterThread: Thread finished: Thread Group 1-1
2023-03-07 00:58:00,394 INFO o.a.j.t.JMeterThread: Thread started: Thread Group 1-2
2023-03-07 00:58:00,404 INFO o.a.j.t.JMeterThread: Thread is done: Thread Group 1-2
2023-03-07 00:58:00,404 INFO o.a.j.t.JMeterThread: Thread finished: Thread Group 1-2
2023-03-07 00:58:00,461 INFO o.a.j.t.JMeterThread: Thread started: Thread Group 1-3
2023-03-07 00:58:00,465 INFO o.a.j.t.JMeterThread: Thread is done: Thread Group 1-3
2023-03-07 00:58:00,465 INFO o.a.j.t.JMeterThread: Thread finished: Thread Group 1-3
2023-03-07 00:58:00,527 INFO o.a.j.t.JMeterThread: Thread started: Thread Group 1-4
2023-03-07 00:58:00,531 INFO o.a.j.t.JMeterThread: Thread is done: Thread Group 1-4
2023-03-07 00:58:00,531 INFO o.a.j.t.JMeterThread: Thread finished: Thread Group 1-4
2023-03-07 00:58:00,594 INFO o.a.j.t.JMeterThread: Thread started: Thread Group 1-5
2023-03-07 00:58:00,597 INFO o.a.j.t.JMeterThread: Thread is done: Thread Group 1-5
2023-03-07 00:58:00,597 INFO o.a.j.t.JMeterThread: Thread finished: Thread Group 1-5
2023-03-07 00:58:00,661 INFO o.a.j.t.JMeterThread: Thread started: Thread Group 1-6
2023-03-07 00:58:00,665 INFO o.a.j.t.JMeterThread: Thread is done: Thread Group 1-6
2023-03-07 00:58:00,665 INFO o.a.j.t.JMeterThread: Thread finished: Thread Group 1-6
2023-03-07 00:58:00,728 INFO o.a.j.t.JMeterThread: Thread started: Thread Group 1-7
2023-03-07 00:58:00,732 INFO o.a.j.t.JMeterThread: Thread is done: Thread Group 1-7
2023-03-07 00:58:00,732 INFO o.a.j.t.JMeterThread: Thread finished: Thread Group 1-7
2023-03-07 00:58:00,796 INFO o.a.j.t.JMeterThread: Thread started: Thread Group 1-8
2023-03-07 00:58:00,799 INFO o.a.j.t.JMeterThread: Thread is done: Thread Group 1-8
2023-03-07 00:58:00,799 INFO o.a.j.t.JMeterThread: Thread finished: Thread Group 1-8
2023-03-07 00:58:00,863 INFO o.a.j.t.JMeterThread: Thread started: Thread Group 1-9
2023-03-07 00:58:00,866 INFO o.a.j.t.JMeterThread: Thread is done: Thread Group 1-9
2023-03-07 00:58:00,866 INFO o.a.j.t.JMeterThread: Thread finished: Thread Group 1-9
2023-03-07 00:58:00,929 INFO o.a.j.t.JMeterThread: Thread started: Thread Group 1-10
2023-03-07 00:58:00,932 INFO o.a.j.t.JMeterThread: Thread is done: Thread Group 1-10
2023-03-07 00:58:00,933 INFO o.a.j.t.JMeterThread: Thread finished: Thread Group 1-10
2023-03-07 00:58:00,996 INFO o.a.j.t.JMeterThread: Thread started: Thread Group 1-11
2023-03-07 00:58:01,001 INFO o.a.j.t.JMeterThread: Thread is done: Thread Group 1-11
2023-03-07 00:58:01,001 INFO o.a.j.t.JMeterThread: Thread finished: Thread Group 1-11
2023-03-07 00:58:01,063 INFO o.a.j.t.JMeterThread: Thread started: Thread Group 1-12
2023-03-07 00:58:01,067 INFO o.a.j.t.JMeterThread: Thread is done: Thread Group 1-12
2023-03-07 00:58:01,067 INFO o.a.j.t.JMeterThread: Thread finished: Thread Group 1-12
2023-03-07 00:58:01,130 INFO o.a.j.t.JMeterThread: Thread started: Thread Group 1-13
2023-03-07 00:58:01,133 INFO o.a.j.t.JMeterThread: Thread is done: Thread Group 1-13
2023-03-07 00:58:01,134 INFO o.a.j.t.JMeterThread: Thread finished: Thread Group 1-13
2023-03-07 00:58:01,198 INFO o.a.j.t.JMeterThread: Thread started: Thread Group 1-14
2023-03-07 00:58:01,201 INFO o.a.j.t.JMeterThread: Thread is done: Thread Group 1-14
2023-03-07 00:58:01,201 INFO o.a.j.t.JMeterThread: Thread finished: Thread Group 1-14
2023-03-07 00:58:01,265 INFO o.a.j.t.JMeterThread: Thread started: Thread Group 1-15
2023-03-07 00:58:01,268 INFO o.a.j.t.JMeterThread: Thread is done: Thread Group 1-15
2023-03-07 00:58:01,268 INFO o.a.j.t.JMeterThread: Thread finished: Thread Group 1-15
2023-03-07 00:58:01,268 INFO o.a.j.e.StandardJMeterEngine: Notifying test listeners of end of test
2023-03-07 00:58:01,269 INFO o.a.j.g.u.JMeterMenuBar: setRunning(false, *local*)
2023-03-07 00:58:10,920 INFO o.a.j.e.StandardJMeterEngine: Running the test!
2023-03-07 00:58:10,921 INFO o.a.j.s.SampleEvent: List of sample_variables: []
2023-03-07 00:58:10,921 INFO o.a.j.g.u.JMeterMenuBar: setRunning(true, *local*)
2023-03-07 00:58:10,947 INFO o.a.j.e.StandardJMeterEngine: Starting ThreadGroup: 1 : Thread Group
2023-03-07 00:58:10,948 INFO o.a.j.e.StandardJMeterEngine: Starting 15 threads for group Thread Group.
2023-03-07 00:58:10,948 INFO o.a.j.e.StandardJMeterEngine: Thread will continue on error
2023-03-07 00:58:10,948 INFO o.a.j.t.ThreadGroup: Starting thread group... number=1 threads=15 ramp-up=1 delayedStart=false
2023-03-07 00:58:10,948 INFO o.a.j.t.JMeterThread: Thread started: Thread Group 1-1
2023-03-07 00:58:10,950 INFO o.a.j.t.ThreadGroup: Started thread group number 1
2023-03-07 00:58:10,950 INFO o.a.j.e.StandardJMeterEngine: All thread groups have been started
2023-03-07 00:58:10,960 INFO o.a.j.t.JMeterThread: Thread is done: Thread Group 1-1
2023-03-07 00:58:10,960 INFO o.a.j.t.JMeterThread: Thread finished: Thread Group 1-1
2023-03-07 00:58:11,015 INFO o.a.j.t.JMeterThread: Thread started: Thread Group 1-2
2023-03-07 00:58:11,027 INFO o.a.j.t.JMeterThread: Thread is done: Thread Group 1-2
2023-03-07 00:58:11,027 INFO o.a.j.t.JMeterThread: Thread finished: Thread Group 1-2
2023-03-07 00:58:11,083 INFO o.a.j.t.JMeterThread: Thread started: Thread Group 1-3
2023-03-07 00:58:11,086 INFO o.a.j.t.JMeterThread: Thread is done: Thread Group 1-3
2023-03-07 00:58:11,086 INFO o.a.j.t.JMeterThread: Thread finished: Thread Group 1-3
2023-03-07 00:58:11,149 INFO o.a.j.t.JMeterThread: Thread started: Thread Group 1-4
2023-03-07 00:58:11,153 INFO o.a.j.t.JMeterThread: Thread is done: Thread Group 1-4
2023-03-07 00:58:11,153 INFO o.a.j.t.JMeterThread: Thread finished: Thread Group 1-4
2023-03-07 00:58:11,217 INFO o.a.j.t.JMeterThread: Thread started: Thread Group 1-5
2023-03-07 00:58:11,220 INFO o.a.j.t.JMeterThread: Thread is done: Thread Group 1-5
2023-03-07 00:58:11,220 INFO o.a.j.t.JMeterThread: Thread finished: Thread Group 1-5
2023-03-07 00:58:11,284 INFO o.a.j.t.JMeterThread: Thread started: Thread Group 1-6
2023-03-07 00:58:11,288 INFO o.a.j.t.JMeterThread: Thread is done: Thread Group 1-6
2023-03-07 00:58:11,288 INFO o.a.j.t.JMeterThread: Thread finished: Thread Group 1-6
2023-03-07 00:58:11,350 INFO o.a.j.t.JMeterThread: Thread started: Thread Group 1-7
2023-03-07 00:58:11,353 INFO o.a.j.t.JMeterThread: Thread is done: Thread Group 1-7
2023-03-07 00:58:11,353 INFO o.a.j.t.JMeterThread: Thread finished: Thread Group 1-7
2023-03-07 00:58:11,417 INFO o.a.j.t.JMeterThread: Thread started: Thread Group 1-8
2023-03-07 00:58:11,421 INFO o.a.j.t.JMeterThread: Thread is done: Thread Group 1-8
2023-03-07 00:58:11,421 INFO o.a.j.t.JMeterThread: Thread finished: Thread Group 1-8
2023-03-07 00:58:11,484 INFO o.a.j.t.JMeterThread: Thread started: Thread Group 1-9
2023-03-07 00:58:11,488 INFO o.a.j.t.JMeterThread: Thread is done: Thread Group 1-9
2023-03-07 00:58:11,488 INFO o.a.j.t.JMeterThread: Thread finished: Thread Group 1-9
2023-03-07 00:58:11,551 INFO o.a.j.t.JMeterThread: Thread started: Thread Group 1-10
2023-03-07 00:58:11,555 INFO o.a.j.t.JMeterThread: Thread is done: Thread Group 1-10
2023-03-07 00:58:11,555 INFO o.a.j.t.JMeterThread: Thread finished: Thread Group 1-10
2023-03-07 00:58:11,619 INFO o.a.j.t.JMeterThread: Thread started: Thread Group 1-11
2023-03-07 00:58:11,622 INFO o.a.j.t.JMeterThread: Thread is done: Thread Group 1-11
2023-03-07 00:58:11,622 INFO o.a.j.t.JMeterThread: Thread finished: Thread Group 1-11
2023-03-07 00:58:11,686 INFO o.a.j.t.JMeterThread: Thread started: Thread Group 1-12
2023-03-07 00:58:11,689 INFO o.a.j.t.JMeterThread: Thread is done: Thread Group 1-12
2023-03-07 00:58:11,689 INFO o.a.j.t.JMeterThread: Thread finished: Thread Group 1-12
2023-03-07 00:58:11,752 INFO o.a.j.t.JMeterThread: Thread started: Thread Group 1-13
2023-03-07 00:58:11,755 INFO o.a.j.t.JMeterThread: Thread is done: Thread Group 1-13
2023-03-07 00:58:11,755 INFO o.a.j.t.JMeterThread: Thread finished: Thread Group 1-13
2023-03-07 00:58:11,819 INFO o.a.j.t.JMeterThread: Thread started: Thread Group 1-14
2023-03-07 00:58:11,822 INFO o.a.j.t.JMeterThread: Thread is done: Thread Group 1-14
2023-03-07 00:58:11,822 INFO o.a.j.t.JMeterThread: Thread finished: Thread Group 1-14
2023-03-07 00:58:11,886 INFO o.a.j.t.JMeterThread: Thread started: Thread Group 1-15
2023-03-07 00:58:11,889 INFO o.a.j.t.JMeterThread: Thread is done: Thread Group 1-15
2023-03-07 00:58:11,889 INFO o.a.j.t.JMeterThread: Thread finished: Thread Group 1-15
2023-03-07 00:58:11,890 INFO o.a.j.e.StandardJMeterEngine: Notifying test listeners of end of test
2023-03-07 00:58:11,890 INFO o.a.j.g.u.JMeterMenuBar: setRunning(false, *local*)
2023-03-07 00:58:35,640 INFO o.a.j.e.StandardJMeterEngine: Running the test!
2023-03-07 00:58:35,640 INFO o.a.j.s.SampleEvent: List of sample_variables: []
2023-03-07 00:58:35,640 INFO o.a.j.g.u.JMeterMenuBar: setRunning(true, *local*)
2023-03-07 00:58:35,677 INFO o.a.j.e.StandardJMeterEngine: Starting ThreadGroup: 1 : Thread Group
2023-03-07 00:58:35,678 INFO o.a.j.e.StandardJMeterEngine: Starting 15 threads for group Thread Group.
2023-03-07 00:58:35,678 INFO o.a.j.e.StandardJMeterEngine: Thread will continue on error
2023-03-07 00:58:35,678 INFO o.a.j.t.ThreadGroup: Starting thread group... number=1 threads=15 ramp-up=1 delayedStart=false
2023-03-07 00:58:35,678 INFO o.a.j.t.JMeterThread: Thread started: Thread Group 1-1
2023-03-07 00:58:35,680 INFO o.a.j.t.ThreadGroup: Started thread group number 1
2023-03-07 00:58:35,680 INFO o.a.j.e.StandardJMeterEngine: All thread groups have been started
2023-03-07 00:58:35,689 INFO o.a.j.t.JMeterThread: Thread is done: Thread Group 1-1
2023-03-07 00:58:35,689 INFO o.a.j.t.JMeterThread: Thread finished: Thread Group 1-1
2023-03-07 00:58:35,745 INFO o.a.j.t.JMeterThread: Thread started: Thread Group 1-2
2023-03-07 00:58:35,755 INFO o.a.j.t.JMeterThread: Thread is done: Thread Group 1-2
2023-03-07 00:58:35,755 INFO o.a.j.t.JMeterThread: Thread finished: Thread Group 1-2
2023-03-07 00:58:35,813 INFO o.a.j.t.JMeterThread: Thread started: Thread Group 1-3
2023-03-07 00:58:35,816 INFO o.a.j.t.JMeterThread: Thread is done: Thread Group 1-3
2023-03-07 00:58:35,816 INFO o.a.j.t.JMeterThread: Thread finished: Thread Group 1-3
2023-03-07 00:58:35,880 INFO o.a.j.t.JMeterThread: Thread started: Thread Group 1-4
2023-03-07 00:58:35,884 INFO o.a.j.t.JMeterThread: Thread is done: Thread Group 1-4
2023-03-07 00:58:35,884 INFO o.a.j.t.JMeterThread: Thread finished: Thread Group 1-4
2023-03-07 00:58:35,947 INFO o.a.j.t.JMeterThread: Thread started: Thread Group 1-5
2023-03-07 00:58:35,950 INFO o.a.j.t.JMeterThread: Thread is done: Thread Group 1-5
2023-03-07 00:58:35,950 INFO o.a.j.t.JMeterThread: Thread finished: Thread Group 1-5
2023-03-07 00:58:36,014 INFO o.a.j.t.JMeterThread: Thread started: Thread Group 1-6
2023-03-07 00:58:36,017 INFO o.a.j.t.JMeterThread: Thread is done: Thread Group 1-6
2023-03-07 00:58:36,017 INFO o.a.j.t.JMeterThread: Thread finished: Thread Group 1-6
2023-03-07 00:58:36,080 INFO o.a.j.t.JMeterThread: Thread started: Thread Group 1-7
2023-03-07 00:58:36,083 INFO o.a.j.t.JMeterThread: Thread is done: Thread Group 1-7
2023-03-07 00:58:36,083 INFO o.a.j.t.JMeterThread: Thread finished: Thread Group 1-7
2023-03-07 00:58:36,147 INFO o.a.j.t.JMeterThread: Thread started: Thread Group 1-8
2023-03-07 00:58:36,150 INFO o.a.j.t.JMeterThread: Thread is done: Thread Group 1-8
2023-03-07 00:58:36,150 INFO o.a.j.t.JMeterThread: Thread finished: Thread Group 1-8
2023-03-07 00:58:36,214 INFO o.a.j.t.JMeterThread: Thread started: Thread Group 1-9
2023-03-07 00:58:36,217 INFO o.a.j.t.JMeterThread: Thread is done: Thread Group 1-9
2023-03-07 00:58:36,217 INFO o.a.j.t.JMeterThread: Thread finished: Thread Group 1-9
2023-03-07 00:58:36,281 INFO o.a.j.t.JMeterThread: Thread started: Thread Group 1-10
2023-03-07 00:58:36,285 INFO o.a.j.t.JMeterThread: Thread is done: Thread Group 1-10
2023-03-07 00:58:36,285 INFO o.a.j.t.JMeterThread: Thread finished: Thread Group 1-10
2023-03-07 00:58:36,349 INFO o.a.j.t.JMeterThread: Thread started: Thread Group 1-11
2023-03-07 00:58:36,352 INFO o.a.j.t.JMeterThread: Thread is done: Thread Group 1-11
2023-03-07 00:58:36,352 INFO o.a.j.t.JMeterThread: Thread finished: Thread Group 1-11
2023-03-07 00:58:36,416 INFO o.a.j.t.JMeterThread: Thread started: Thread Group 1-12
2023-03-07 00:58:36,419 INFO o.a.j.t.JMeterThread: Thread is done: Thread Group 1-12
2023-03-07 00:58:36,419 INFO o.a.j.t.JMeterThread: Thread finished: Thread Group 1-12
2023-03-07 00:58:36,483 INFO o.a.j.t.JMeterThread: Thread started: Thread Group 1-13
2023-03-07 00:58:36,486 INFO o.a.j.t.JMeterThread: Thread is done: Thread Group 1-13
2023-03-07 00:58:36,486 INFO o.a.j.t.JMeterThread: Thread finished: Thread Group 1-13
2023-03-07 00:58:36,549 INFO o.a.j.t.JMeterThread: Thread started: Thread Group 1-14
2023-03-07 00:58:36,552 INFO o.a.j.t.JMeterThread: Thread is done: Thread Group 1-14
2023-03-07 00:58:36,552 INFO o.a.j.t.JMeterThread: Thread finished: Thread Group 1-14
2023-03-07 00:58:36,616 INFO o.a.j.t.JMeterThread: Thread started: Thread Group 1-15
2023-03-07 00:58:36,619 INFO o.a.j.t.JMeterThread: Thread is done: Thread Group 1-15
2023-03-07 00:58:36,619 INFO o.a.j.t.JMeterThread: Thread finished: Thread Group 1-15
2023-03-07 00:58:36,619 INFO o.a.j.e.StandardJMeterEngine: Notifying test listeners of end of test
2023-03-07 00:58:36,620 INFO o.a.j.g.u.JMeterMenuBar: setRunning(false, *local*)
2023-03-07 00:59:20,821 INFO o.a.j.e.StandardJMeterEngine: Running the test!
2023-03-07 00:59:20,822 INFO o.a.j.s.SampleEvent: List of sample_variables: []
2023-03-07 00:59:20,822 INFO o.a.j.g.u.JMeterMenuBar: setRunning(true, *local*)
2023-03-07 00:59:20,846 INFO o.a.j.e.StandardJMeterEngine: Starting ThreadGroup: 1 : Thread Group
2023-03-07 00:59:20,846 INFO o.a.j.e.StandardJMeterEngine: Starting 3 threads for group Thread Group.
2023-03-07 00:59:20,846 INFO o.a.j.e.StandardJMeterEngine: Thread will continue on error
2023-03-07 00:59:20,846 INFO o.a.j.t.ThreadGroup: Starting thread group... number=1 threads=3 ramp-up=1 delayedStart=false
2023-03-07 00:59:20,847 INFO o.a.j.t.JMeterThread: Thread started: Thread Group 1-1
2023-03-07 00:59:20,847 INFO o.a.j.t.ThreadGroup: Started thread group number 1
2023-03-07 00:59:20,847 INFO o.a.j.e.StandardJMeterEngine: All thread groups have been started
2023-03-07 00:59:20,887 INFO o.a.j.t.JMeterThread: Thread is done: Thread Group 1-1
2023-03-07 00:59:20,887 INFO o.a.j.t.JMeterThread: Thread finished: Thread Group 1-1
2023-03-07 00:59:21,179 INFO o.a.j.t.JMeterThread: Thread started: Thread Group 1-2
2023-03-07 00:59:21,216 INFO o.a.j.t.JMeterThread: Thread is done: Thread Group 1-2
2023-03-07 00:59:21,217 INFO o.a.j.t.JMeterThread: Thread finished: Thread Group 1-2
2023-03-07 00:59:21,512 INFO o.a.j.t.JMeterThread: Thread started: Thread Group 1-3
2023-03-07 00:59:21,515 INFO o.a.j.t.JMeterThread: Thread is done: Thread Group 1-3
2023-03-07 00:59:21,515 INFO o.a.j.t.JMeterThread: Thread finished: Thread Group 1-3
2023-03-07 00:59:21,516 INFO o.a.j.e.StandardJMeterEngine: Notifying test listeners of end of test
2023-03-07 00:59:21,516 INFO o.a.j.g.u.JMeterMenuBar: setRunning(false, *local*)
2023-03-07 00:59:40,359 INFO o.a.j.e.StandardJMeterEngine: Running the test!
2023-03-07 00:59:40,359 INFO o.a.j.s.SampleEvent: List of sample_variables: []
2023-03-07 00:59:40,359 INFO o.a.j.g.u.JMeterMenuBar: setRunning(true, *local*)
2023-03-07 00:59:40,382 INFO o.a.j.e.StandardJMeterEngine: Starting ThreadGroup: 1 : Thread Group
2023-03-07 00:59:40,382 INFO o.a.j.e.StandardJMeterEngine: Starting 20 threads for group Thread Group.
2023-03-07 00:59:40,382 INFO o.a.j.e.StandardJMeterEngine: Thread will continue on error
2023-03-07 00:59:40,382 INFO o.a.j.t.ThreadGroup: Starting thread group... number=1 threads=20 ramp-up=1 delayedStart=false
2023-03-07 00:59:40,382 INFO o.a.j.t.JMeterThread: Thread started: Thread Group 1-1
2023-03-07 00:59:40,385 INFO o.a.j.t.ThreadGroup: Started thread group number 1
2023-03-07 00:59:40,385 INFO o.a.j.e.StandardJMeterEngine: All thread groups have been started
2023-03-07 00:59:40,420 INFO o.a.j.t.JMeterThread: Thread is done: Thread Group 1-1
2023-03-07 00:59:40,421 INFO o.a.j.t.JMeterThread: Thread finished: Thread Group 1-1
2023-03-07 00:59:40,433 INFO o.a.j.t.JMeterThread: Thread started: Thread Group 1-2
2023-03-07 00:59:40,469 INFO o.a.j.t.JMeterThread: Thread is done: Thread Group 1-2
2023-03-07 00:59:40,469 INFO o.a.j.t.JMeterThread: Thread finished: Thread Group 1-2
2023-03-07 00:59:40,483 INFO o.a.j.t.JMeterThread: Thread started: Thread Group 1-3
2023-03-07 00:59:40,486 INFO o.a.j.t.JMeterThread: Thread is done: Thread Group 1-3
2023-03-07 00:59:40,486 INFO o.a.j.t.JMeterThread: Thread finished: Thread Group 1-3
2023-03-07 00:59:40,533 INFO o.a.j.t.JMeterThread: Thread started: Thread Group 1-4
2023-03-07 00:59:40,536 INFO o.a.j.t.JMeterThread: Thread is done: Thread Group 1-4
2023-03-07 00:59:40,536 INFO o.a.j.t.JMeterThread: Thread finished: Thread Group 1-4
2023-03-07 00:59:40,583 INFO o.a.j.t.JMeterThread: Thread started: Thread Group 1-5
2023-03-07 00:59:40,586 INFO o.a.j.t.JMeterThread: Thread is done: Thread Group 1-5
2023-03-07 00:59:40,586 INFO o.a.j.t.JMeterThread: Thread finished: Thread Group 1-5
2023-03-07 00:59:40,632 INFO o.a.j.t.JMeterThread: Thread started: Thread Group 1-6
2023-03-07 00:59:40,635 INFO o.a.j.t.JMeterThread: Thread is done: Thread Group 1-6
2023-03-07 00:59:40,635 INFO o.a.j.t.JMeterThread: Thread finished: Thread Group 1-6
2023-03-07 00:59:40,682 INFO o.a.j.t.JMeterThread: Thread started: Thread Group 1-7
2023-03-07 00:59:40,685 INFO o.a.j.t.JMeterThread: Thread is done: Thread Group 1-7
2023-03-07 00:59:40,685 INFO o.a.j.t.JMeterThread: Thread finished: Thread Group 1-7
2023-03-07 00:59:40,732 INFO o.a.j.t.JMeterThread: Thread started: Thread Group 1-8
2023-03-07 00:59:40,735 INFO o.a.j.t.JMeterThread: Thread is done: Thread Group 1-8
2023-03-07 00:59:40,735 INFO o.a.j.t.JMeterThread: Thread finished: Thread Group 1-8
2023-03-07 00:59:40,782 INFO o.a.j.t.JMeterThread: Thread started: Thread Group 1-9
2023-03-07 00:59:40,786 INFO o.a.j.t.JMeterThread: Thread is done: Thread Group 1-9
2023-03-07 00:59:40,786 INFO o.a.j.t.JMeterThread: Thread finished: Thread Group 1-9
2023-03-07 00:59:40,832 INFO o.a.j.t.JMeterThread: Thread started: Thread Group 1-10
2023-03-07 00:59:40,836 INFO o.a.j.t.JMeterThread: Thread is done: Thread Group 1-10
2023-03-07 00:59:40,836 INFO o.a.j.t.JMeterThread: Thread finished: Thread Group 1-10
2023-03-07 00:59:40,883 INFO o.a.j.t.JMeterThread: Thread started: Thread Group 1-11
2023-03-07 00:59:40,885 INFO o.a.j.t.JMeterThread: Thread is done: Thread Group 1-11
2023-03-07 00:59:40,886 INFO o.a.j.t.JMeterThread: Thread finished: Thread Group 1-11
2023-03-07 00:59:40,933 INFO o.a.j.t.JMeterThread: Thread started: Thread Group 1-12
2023-03-07 00:59:40,936 INFO o.a.j.t.JMeterThread: Thread is done: Thread Group 1-12
2023-03-07 00:59:40,936 INFO o.a.j.t.JMeterThread: Thread finished: Thread Group 1-12
2023-03-07 00:59:40,983 INFO o.a.j.t.JMeterThread: Thread started: Thread Group 1-13
2023-03-07 00:59:40,986 INFO o.a.j.t.JMeterThread: Thread is done: Thread Group 1-13
2023-03-07 00:59:40,986 INFO o.a.j.t.JMeterThread: Thread finished: Thread Group 1-13
2023-03-07 00:59:41,033 INFO o.a.j.t.JMeterThread: Thread started: Thread Group 1-14
2023-03-07 00:59:41,037 INFO o.a.j.t.JMeterThread: Thread is done: Thread Group 1-14
2023-03-07 00:59:41,037 INFO o.a.j.t.JMeterThread: Thread finished: Thread Group 1-14
2023-03-07 00:59:41,082 INFO o.a.j.t.JMeterThread: Thread started: Thread Group 1-15
2023-03-07 00:59:41,086 INFO o.a.j.t.JMeterThread: Thread is done: Thread Group 1-15
2023-03-07 00:59:41,086 INFO o.a.j.t.JMeterThread: Thread finished: Thread Group 1-15
2023-03-07 00:59:41,132 INFO o.a.j.t.JMeterThread: Thread started: Thread Group 1-16
2023-03-07 00:59:41,135 INFO o.a.j.t.JMeterThread: Thread is done: Thread Group 1-16
2023-03-07 00:59:41,135 INFO o.a.j.t.JMeterThread: Thread finished: Thread Group 1-16
2023-03-07 00:59:41,182 INFO o.a.j.t.JMeterThread: Thread started: Thread Group 1-17
2023-03-07 00:59:41,185 INFO o.a.j.t.JMeterThread: Thread is done: Thread Group 1-17
2023-03-07 00:59:41,186 INFO o.a.j.t.JMeterThread: Thread finished: Thread Group 1-17
2023-03-07 00:59:41,232 INFO o.a.j.t.JMeterThread: Thread started: Thread Group 1-18
2023-03-07 00:59:41,235 INFO o.a.j.t.JMeterThread: Thread is done: Thread Group 1-18
2023-03-07 00:59:41,235 INFO o.a.j.t.JMeterThread: Thread finished: Thread Group 1-18
2023-03-07 00:59:41,283 INFO o.a.j.t.JMeterThread: Thread started: Thread Group 1-19
2023-03-07 00:59:41,286 INFO o.a.j.t.JMeterThread: Thread is done: Thread Group 1-19
2023-03-07 00:59:41,286 INFO o.a.j.t.JMeterThread: Thread finished: Thread Group 1-19
2023-03-07 00:59:41,333 INFO o.a.j.t.JMeterThread: Thread started: Thread Group 1-20
2023-03-07 00:59:41,335 INFO o.a.j.t.JMeterThread: Thread is done: Thread Group 1-20
2023-03-07 00:59:41,335 INFO o.a.j.t.JMeterThread: Thread finished: Thread Group 1-20
2023-03-07 00:59:41,336 INFO o.a.j.e.StandardJMeterEngine: Notifying test listeners of end of test
2023-03-07 00:59:41,336 INFO o.a.j.g.u.JMeterMenuBar: setRunning(false, *local*)
2023-03-07 01:00:11,062 INFO o.a.j.e.StandardJMeterEngine: Running the test!
2023-03-07 01:00:11,062 INFO o.a.j.s.SampleEvent: List of sample_variables: []
2023-03-07 01:00:11,062 INFO o.a.j.g.u.JMeterMenuBar: setRunning(true, *local*)
2023-03-07 01:00:11,085 INFO o.a.j.e.StandardJMeterEngine: Starting ThreadGroup: 1 : Thread Group
2023-03-07 01:00:11,085 INFO o.a.j.e.StandardJMeterEngine: Starting 5 threads for group Thread Group.
2023-03-07 01:00:11,086 INFO o.a.j.e.StandardJMeterEngine: Thread will continue on error
2023-03-07 01:00:11,086 INFO o.a.j.t.ThreadGroup: Starting thread group... number=1 threads=5 ramp-up=1 delayedStart=false
2023-03-07 01:00:11,086 INFO o.a.j.t.JMeterThread: Thread started: Thread Group 1-1
2023-03-07 01:00:11,086 INFO o.a.j.t.ThreadGroup: Started thread group number 1
2023-03-07 01:00:11,086 INFO o.a.j.e.StandardJMeterEngine: All thread groups have been started
2023-03-07 01:00:11,121 INFO o.a.j.t.JMeterThread: Thread is done: Thread Group 1-1
2023-03-07 01:00:11,121 INFO o.a.j.t.JMeterThread: Thread finished: Thread Group 1-1
2023-03-07 01:00:11,286 INFO o.a.j.t.JMeterThread: Thread started: Thread Group 1-2
2023-03-07 01:00:11,322 INFO o.a.j.t.JMeterThread: Thread is done: Thread Group 1-2
2023-03-07 01:00:11,322 INFO o.a.j.t.JMeterThread: Thread finished: Thread Group 1-2
2023-03-07 01:00:11,486 INFO o.a.j.t.JMeterThread: Thread started: Thread Group 1-3
2023-03-07 01:00:11,490 INFO o.a.j.t.JMeterThread: Thread is done: Thread Group 1-3
2023-03-07 01:00:11,490 INFO o.a.j.t.JMeterThread: Thread finished: Thread Group 1-3
2023-03-07 01:00:11,686 INFO o.a.j.t.JMeterThread: Thread started: Thread Group 1-4
2023-03-07 01:00:11,689 INFO o.a.j.t.JMeterThread: Thread is done: Thread Group 1-4
2023-03-07 01:00:11,689 INFO o.a.j.t.JMeterThread: Thread finished: Thread Group 1-4
2023-03-07 01:00:11,886 INFO o.a.j.t.JMeterThread: Thread started: Thread Group 1-5
2023-03-07 01:00:11,889 INFO o.a.j.t.JMeterThread: Thread is done: Thread Group 1-5
2023-03-07 01:00:11,889 INFO o.a.j.t.JMeterThread: Thread finished: Thread Group 1-5
2023-03-07 01:00:11,889 INFO o.a.j.e.StandardJMeterEngine: Notifying test listeners of end of test
2023-03-07 01:00:11,890 INFO o.a.j.g.u.JMeterMenuBar: setRunning(false, *local*)
2023-03-07 01:00:16,126 INFO o.a.j.e.StandardJMeterEngine: Running the test!
2023-03-07 01:00:16,126 INFO o.a.j.s.SampleEvent: List of sample_variables: []
2023-03-07 01:00:16,126 INFO o.a.j.g.u.JMeterMenuBar: setRunning(true, *local*)
2023-03-07 01:00:16,153 INFO o.a.j.e.StandardJMeterEngine: Starting ThreadGroup: 1 : Thread Group
2023-03-07 01:00:16,153 INFO o.a.j.e.StandardJMeterEngine: Starting 5 threads for group Thread Group.
2023-03-07 01:00:16,153 INFO o.a.j.e.StandardJMeterEngine: Thread will continue on error
2023-03-07 01:00:16,153 INFO o.a.j.t.ThreadGroup: Starting thread group... number=1 threads=5 ramp-up=1 delayedStart=false
2023-03-07 01:00:16,153 INFO o.a.j.t.JMeterThread: Thread started: Thread Group 1-1
2023-03-07 01:00:16,153 INFO o.a.j.t.ThreadGroup: Started thread group number 1
2023-03-07 01:00:16,154 INFO o.a.j.e.StandardJMeterEngine: All thread groups have been started
2023-03-07 01:00:16,188 INFO o.a.j.t.JMeterThread: Thread is done: Thread Group 1-1
2023-03-07 01:00:16,188 INFO o.a.j.t.JMeterThread: Thread finished: Thread Group 1-1
2023-03-07 01:00:16,353 INFO o.a.j.t.JMeterThread: Thread started: Thread Group 1-2
2023-03-07 01:00:16,386 INFO o.a.j.t.JMeterThread: Thread is done: Thread Group 1-2
2023-03-07 01:00:16,386 INFO o.a.j.t.JMeterThread: Thread finished: Thread Group 1-2
2023-03-07 01:00:16,554 INFO o.a.j.t.JMeterThread: Thread started: Thread Group 1-3
2023-03-07 01:00:16,557 INFO o.a.j.t.JMeterThread: Thread is done: Thread Group 1-3
2023-03-07 01:00:16,557 INFO o.a.j.t.JMeterThread: Thread finished: Thread Group 1-3
2023-03-07 01:00:16,754 INFO o.a.j.t.JMeterThread: Thread started: Thread Group 1-4
2023-03-07 01:00:16,756 INFO o.a.j.t.JMeterThread: Thread is done: Thread Group 1-4
2023-03-07 01:00:16,756 INFO o.a.j.t.JMeterThread: Thread finished: Thread Group 1-4
2023-03-07 01:00:16,954 INFO o.a.j.t.JMeterThread: Thread started: Thread Group 1-5
2023-03-07 01:00:16,957 INFO o.a.j.t.JMeterThread: Thread is done: Thread Group 1-5
2023-03-07 01:00:16,957 INFO o.a.j.t.JMeterThread: Thread finished: Thread Group 1-5
2023-03-07 01:00:16,957 INFO o.a.j.e.StandardJMeterEngine: Notifying test listeners of end of test
2023-03-07 01:00:16,957 INFO o.a.j.g.u.JMeterMenuBar: setRunning(false, *local*)
2023-03-07 01:01:44,587 INFO o.a.j.e.StandardJMeterEngine: Running the test!
2023-03-07 01:01:44,587 INFO o.a.j.s.SampleEvent: List of sample_variables: []
2023-03-07 01:01:44,587 INFO o.a.j.g.u.JMeterMenuBar: setRunning(true, *local*)
2023-03-07 01:01:44,588 INFO o.a.j.e.StandardJMeterEngine: Starting ThreadGroup: 1 : Thread Group
2023-03-07 01:01:44,589 INFO o.a.j.e.StandardJMeterEngine: Starting 5 threads for group Thread Group.
2023-03-07 01:01:44,589 INFO o.a.j.e.StandardJMeterEngine: Thread will continue on error
2023-03-07 01:01:44,589 INFO o.a.j.t.ThreadGroup: Starting thread group... number=1 threads=5 ramp-up=1 delayedStart=false
2023-03-07 01:01:44,589 INFO o.a.j.t.JMeterThread: Thread started: Thread Group 1-1
2023-03-07 01:01:44,589 INFO o.a.j.t.ThreadGroup: Started thread group number 1
2023-03-07 01:01:44,590 INFO o.a.j.e.StandardJMeterEngine: All thread groups have been started
2023-03-07 01:01:44,789 INFO o.a.j.t.JMeterThread: Thread started: Thread Group 1-2
2023-03-07 01:01:44,812 INFO o.a.j.t.JMeterThread: Thread is done: Thread Group 1-1
2023-03-07 01:01:44,812 INFO o.a.j.t.JMeterThread: Thread finished: Thread Group 1-1
2023-03-07 01:01:44,833 INFO o.a.j.t.JMeterThread: Thread is done: Thread Group 1-2
2023-03-07 01:01:44,833 INFO o.a.j.t.JMeterThread: Thread finished: Thread Group 1-2
2023-03-07 01:01:44,989 INFO o.a.j.t.JMeterThread: Thread started: Thread Group 1-3
2023-03-07 01:01:45,189 INFO o.a.j.t.JMeterThread: Thread started: Thread Group 1-4
2023-03-07 01:01:45,390 INFO o.a.j.t.JMeterThread: Thread started: Thread Group 1-5
2023-03-07 01:01:46,995 INFO o.a.j.t.JMeterThread: Thread is done: Thread Group 1-3
2023-03-07 01:01:46,995 INFO o.a.j.t.JMeterThread: Thread finished: Thread Group 1-3
2023-03-07 01:01:47,194 INFO o.a.j.t.JMeterThread: Thread is done: Thread Group 1-4
2023-03-07 01:01:47,194 INFO o.a.j.t.JMeterThread: Thread finished: Thread Group 1-4
2023-03-07 01:01:47,394 INFO o.a.j.t.JMeterThread: Thread is done: Thread Group 1-5
2023-03-07 01:01:47,394 INFO o.a.j.t.JMeterThread: Thread finished: Thread Group 1-5
2023-03-07 01:01:47,395 INFO o.a.j.e.StandardJMeterEngine: Notifying test listeners of end of test
2023-03-07 01:01:47,395 INFO o.a.j.g.u.JMeterMenuBar: setRunning(false, *local*)
2023-03-07 01:02:00,547 INFO o.a.j.e.StandardJMeterEngine: Running the test!
2023-03-07 01:02:00,547 INFO o.a.j.s.SampleEvent: List of sample_variables: []
2023-03-07 01:02:00,547 INFO o.a.j.g.u.JMeterMenuBar: setRunning(true, *local*)
2023-03-07 01:02:00,570 INFO o.a.j.e.StandardJMeterEngine: Starting ThreadGroup: 1 : Thread Group
2023-03-07 01:02:00,570 INFO o.a.j.e.StandardJMeterEngine: Starting 5 threads for group Thread Group.
2023-03-07 01:02:00,570 INFO o.a.j.e.StandardJMeterEngine: Thread will continue on error
2023-03-07 01:02:00,570 INFO o.a.j.t.ThreadGroup: Starting thread group... number=1 threads=5 ramp-up=1 delayedStart=false
2023-03-07 01:02:00,571 INFO o.a.j.t.JMeterThread: Thread started: Thread Group 1-1
2023-03-07 01:02:00,571 INFO o.a.j.t.ThreadGroup: Started thread group number 1
2023-03-07 01:02:00,571 INFO o.a.j.e.StandardJMeterEngine: All thread groups have been started
2023-03-07 01:02:00,573 INFO o.a.j.t.JMeterThread: Thread is done: Thread Group 1-1
2023-03-07 01:02:00,573 INFO o.a.j.t.JMeterThread: Thread finished: Thread Group 1-1
2023-03-07 01:02:00,770 INFO o.a.j.t.JMeterThread: Thread started: Thread Group 1-2
2023-03-07 01:02:00,771 INFO o.a.j.t.JMeterThread: Thread is done: Thread Group 1-2
2023-03-07 01:02:00,771 INFO o.a.j.t.JMeterThread: Thread finished: Thread Group 1-2
2023-03-07 01:02:00,970 INFO o.a.j.t.JMeterThread: Thread started: Thread Group 1-3
2023-03-07 01:02:00,971 INFO o.a.j.t.JMeterThread: Thread is done: Thread Group 1-3
2023-03-07 01:02:00,971 INFO o.a.j.t.JMeterThread: Thread finished: Thread Group 1-3
2023-03-07 01:02:01,170 INFO o.a.j.t.JMeterThread: Thread started: Thread Group 1-4
2023-03-07 01:02:01,172 INFO o.a.j.t.JMeterThread: Thread is done: Thread Group 1-4
2023-03-07 01:02:01,172 INFO o.a.j.t.JMeterThread: Thread finished: Thread Group 1-4
2023-03-07 01:02:01,370 INFO o.a.j.t.JMeterThread: Thread started: Thread Group 1-5
2023-03-07 01:02:01,372 INFO o.a.j.t.JMeterThread: Thread is done: Thread Group 1-5
2023-03-07 01:02:01,372 INFO o.a.j.t.JMeterThread: Thread finished: Thread Group 1-5
2023-03-07 01:02:01,372 INFO o.a.j.e.StandardJMeterEngine: Notifying test listeners of end of test
2023-03-07 01:02:01,373 INFO o.a.j.g.u.JMeterMenuBar: setRunning(false, *local*)
2023-03-07 01:02:08,387 INFO o.a.j.e.StandardJMeterEngine: Running the test!
2023-03-07 01:02:08,387 INFO o.a.j.s.SampleEvent: List of sample_variables: []
2023-03-07 01:02:08,387 INFO o.a.j.g.u.JMeterMenuBar: setRunning(true, *local*)
2023-03-07 01:02:08,412 INFO o.a.j.e.StandardJMeterEngine: Starting ThreadGroup: 1 : Thread Group
2023-03-07 01:02:08,412 INFO o.a.j.e.StandardJMeterEngine: Starting 5 threads for group Thread Group.
2023-03-07 01:02:08,412 INFO o.a.j.e.StandardJMeterEngine: Thread will continue on error
2023-03-07 01:02:08,412 INFO o.a.j.t.ThreadGroup: Starting thread group... number=1 threads=5 ramp-up=1 delayedStart=false
2023-03-07 01:02:08,413 INFO o.a.j.t.JMeterThread: Thread started: Thread Group 1-1
2023-03-07 01:02:08,413 INFO o.a.j.t.ThreadGroup: Started thread group number 1
2023-03-07 01:02:08,413 INFO o.a.j.e.StandardJMeterEngine: All thread groups have been started
2023-03-07 01:02:08,613 INFO o.a.j.t.JMeterThread: Thread started: Thread Group 1-2
2023-03-07 01:02:08,661 INFO o.a.j.t.JMeterThread: Thread is done: Thread Group 1-1
2023-03-07 01:02:08,661 INFO o.a.j.t.JMeterThread: Thread finished: Thread Group 1-1
2023-03-07 01:02:08,674 INFO o.a.j.t.JMeterThread: Thread is done: Thread Group 1-2
2023-03-07 01:02:08,674 INFO o.a.j.t.JMeterThread: Thread finished: Thread Group 1-2
2023-03-07 01:02:08,812 INFO o.a.j.t.JMeterThread: Thread started: Thread Group 1-3
2023-03-07 01:02:09,012 INFO o.a.j.t.JMeterThread: Thread started: Thread Group 1-4
2023-03-07 01:02:09,212 INFO o.a.j.t.JMeterThread: Thread started: Thread Group 1-5
2023-03-07 01:02:10,817 INFO o.a.j.t.JMeterThread: Thread is done: Thread Group 1-3
2023-03-07 01:02:10,817 INFO o.a.j.t.JMeterThread: Thread finished: Thread Group 1-3
2023-03-07 01:02:11,016 INFO o.a.j.t.JMeterThread: Thread is done: Thread Group 1-4
2023-03-07 01:02:11,016 INFO o.a.j.t.JMeterThread: Thread finished: Thread Group 1-4
2023-03-07 01:02:11,217 INFO o.a.j.t.JMeterThread: Thread is done: Thread Group 1-5
2023-03-07 01:02:11,217 INFO o.a.j.t.JMeterThread: Thread finished: Thread Group 1-5
2023-03-07 01:02:11,217 INFO o.a.j.e.StandardJMeterEngine: Notifying test listeners of end of test
2023-03-07 01:02:11,217 INFO o.a.j.g.u.JMeterMenuBar: setRunning(false, *local*)
